[0m03:35:43.930364 [debug] [MainThread]: Sending event: {'category': 'dbt', 'action': 'invocation', 'label': 'start', 'context': [<snowplow_tracker.self_describing_json.SelfDescribingJson object at 0x10ed1e110>, <snowplow_tracker.self_describing_json.SelfDescribingJson object at 0x10f2ec7c0>, <snowplow_tracker.self_describing_json.SelfDescribingJson object at 0x1106a7220>]}


============================== 03:35:43.939549 | 669d7083-ac93-401f-836a-8f0ec7c811b8 ==============================
[0m03:35:43.939549 [info ] [MainThread]: Running with dbt=1.8.6
[0m03:35:43.940798 [debug] [MainThread]: running dbt with arguments {'printer_width': '80', 'indirect_selection': 'eager', 'write_json': 'True', 'log_cache_events': 'False', 'partial_parse': 'True', 'cache_selected_only': 'False', 'warn_error': 'None', 'fail_fast': 'False', 'version_check': 'True', 'log_path': 'logs', 'profiles_dir': '/Users/abdoulaziztraore/.dbt', 'debug': 'False', 'use_colors': 'True', 'use_experimental_parser': 'False', 'empty': 'None', 'quiet': 'False', 'no_print': 'None', 'warn_error_options': 'WarnErrorOptions(include=[], exclude=[])', 'invocation_command': 'dbt init demo_dbt', 'log_format': 'default', 'introspect': 'True', 'target_path': 'None', 'static_parser': 'True', 'send_anonymous_usage_stats': 'True'}
[0m03:35:44.000732 [warn ] [MainThread]: [ConfigFolderDirectory]: Unable to parse dict {'dir': PosixPath('/Users/abdoulaziztraore/.dbt')}
[0m03:35:44.001812 [info ] [MainThread]: Creating dbt configuration folder at 
[0m03:35:44.007656 [debug] [MainThread]: Starter project path: /Library/Frameworks/Python.framework/Versions/3.10/lib/python3.10/site-packages/dbt/include/starter_project
[0m03:35:44.030108 [info ] [MainThread]: 
Your new dbt project "demo_dbt" was created!

For more information on how to configure the profiles.yml file,
please consult the dbt documentation here:

  https://docs.getdbt.com/docs/configure-your-profile

One more thing:

Need help? Don't hesitate to reach out to us via GitHub issues or on Slack:

  https://community.getdbt.com/

Happy modeling!

[0m03:35:44.031026 [info ] [MainThread]: Setting up your profile.
[0m03:47:42.981298 [info ] [MainThread]: Profile demo_dbt written to /Users/abdoulaziztraore/.dbt/profiles.yml using target's profile_template.yml and your supplied values. Run 'dbt debug' to validate the connection.
[0m03:47:43.011919 [debug] [MainThread]: Resource report: {"command_name": "init", "command_success": true, "command_wall_clock_time": 719.2168, "process_user_time": 3.670077, "process_kernel_time": 0.904566, "process_mem_max_rss": "153063424", "process_in_blocks": "0", "process_out_blocks": "0"}
[0m03:47:43.012909 [debug] [MainThread]: Command `dbt init` succeeded at 03:47:43.012746 after 719.22 seconds
[0m03:47:43.013471 [debug] [MainThread]: Sending event: {'category': 'dbt', 'action': 'invocation', 'label': 'end', 'context': [<snowplow_tracker.self_describing_json.SelfDescribingJson object at 0x10ed1e110>, <snowplow_tracker.self_describing_json.SelfDescribingJson object at 0x120ac8c10>, <snowplow_tracker.self_describing_json.SelfDescribingJson object at 0x120acacb0>]}
[0m03:47:43.014025 [debug] [MainThread]: Flushing usage events
